<?xml version="1.0" encoding="UTF-8"?>
<!-- Generated by org.testng.reporters.JUnitReportReporter -->
<testsuite hostname="LAPTOP-TRQKOD4E" failures="0" tests="1" name="seleniumautomation.tests.StandAloneTest2" time="24.393" errors="0" timestamp="2024-02-01T22:52:05 IST" skipped="0">
  <testcase classname="seleniumautomation.tests.StandAloneTest2" name="submitOrder" time="24.393"/>
</testsuite> <!-- seleniumautomation.tests.StandAloneTest2 -->
