<?xml version="1.0" encoding="UTF-8"?>
<!-- Generated by org.testng.reporters.JUnitReportReporter -->
<testsuite hostname="LAPTOP-TRQKOD4E" failures="0" tests="2" name="seleniumautomation.tests.ErrorValidations" time="37.446" errors="0" timestamp="2024-02-02T17:23:43 IST" skipped="0">
  <testcase classname="seleniumautomation.tests.ErrorValidations" name="LoginErrorValidation" time="16.883"/>
  <testcase classname="seleniumautomation.tests.ErrorValidations" name="productErrorValidation" time="20.563"/>
</testsuite> <!-- seleniumautomation.tests.ErrorValidations -->
