<?xml version="1.0" encoding="UTF-8"?>
<!-- Generated by org.testng.reporters.JUnitReportReporter -->
<testsuite hostname="LAPTOP-TRQKOD4E" failures="0" tests="1" name="seleniumautomation.tests.StandAloneTest1" time="13.860" errors="0" timestamp="2024-02-02T17:23:43 IST" skipped="0">
  <testcase classname="seleniumautomation.tests.StandAloneTest1" name="standAloneRawTest" time="13.860"/>
</testsuite> <!-- seleniumautomation.tests.StandAloneTest1 -->
