<?xml version="1.0" encoding="UTF-8"?>
<!-- Generated by org.testng.reporters.JUnitReportReporter -->
<testsuite hostname="LAPTOP-TRQKOD4E" failures="0" tests="1" name="Cucumber.TestNGTestRunner" time="20.274" errors="0" timestamp="2024-02-10T15:59:37 IST" skipped="0">
  <testcase classname="Cucumber.TestNGTestRunner" name="runScenario" time="20.274"/>
  <system-out/>
</testsuite> <!-- Cucumber.TestNGTestRunner -->
